#-----------------------------------------------------------
# Vivado v2017.4 (64-bit)
# SW Build 2086221 on Fri Dec 15 20:55:39 MST 2017
# IP Build 2085800 on Fri Dec 15 22:25:07 MST 2017
# Start of session at: Tue May  7 23:11:36 2019
# Process ID: 13352
# Current directory: E:/WorkSpace/Xilinx_Workspace/Basys3/SnakeGame
# Command line: vivado.exe -gui_launcher_event rodinguilauncherevent13740 E:\WorkSpace\Xilinx_Workspace\Basys3\SnakeGame\SnakeGame.xpr
# Log file: E:/WorkSpace/Xilinx_Workspace/Basys3/SnakeGame/vivado.log
# Journal file: E:/WorkSpace/Xilinx_Workspace/Basys3/SnakeGame\vivado.jou
#-----------------------------------------------------------
start_gui
open_project E:/WorkSpace/Xilinx_Workspace/Basys3/SnakeGame/SnakeGame.xpr
Scanning sources...
Finished scanning sources
INFO: [IP_Flow 19-234] Refreshing IP repositories
INFO: [IP_Flow 19-1704] No user IP repositories specified
INFO: [IP_Flow 19-2313] Loaded Vivado IP repository 'D:/Xilinx/Vivado/2017.4/data/ip'.
open_project: Time (s): cpu = 00:00:27 ; elapsed = 00:00:45 . Memory (MB): peak = 748.211 ; gain = 111.320
update_compile_order -fileset sources_1
exit
INFO: [Common 17-206] Exiting Vivado at Tue May  7 23:17:02 2019...
